<?xml version="1.0" encoding="UTF-8"?>
<testsuite xmlns:xsi="http://www.w3.org/2001/XMLSchema-instance" xsi:noNamespaceSchemaLocation="https://maven.apache.org/surefire/maven-surefire-plugin/xsd/surefire-test-report.xsd" version="3.0.2" name="com.meteo.MeteoApplicationTests" time="4.426" tests="1" errors="0" skipped="0" failures="0">
  <properties>
[...]
</properties>
  <testcase name="contextLoads" classname="com.meteo.MeteoApplicationTests" time="0.958">
    <system-out><![CDATA[14:55:45.414 [main] INFO org.springframework.test.context.support.AnnotationConfigContextLoaderUtils -- Could not detect default configuration classes for test class [com.meteo.MeteoApplicationTests]: MeteoApplicationTests does not declare any static, non-private, non-final, nested classes annotated with @Configuration.
14:55:45.594 [main] INFO org.springframework.boot.test.context.SpringBootTestContextBootstrapper -- Found @SpringBootConfiguration com.meteo.MeteoApplication for test class com.meteo.MeteoApplicationTests
14:55:45.848 [main] INFO org.springframework.boot.devtools.restart.RestartApplicationListener -- Restart disabled due to context in which it is running

  .   ____          _            __ _ _
 /\\ / ___'_ __ _ _(_)_ __  __ _ \ \ \ \
( ( )\___ | '_ | '_| | '_ \/ _` | \ \ \ \
 \\/  ___)| |_)| | | | | || (_| |  ) ) ) )
  '  |____| .__|_| |_|_| |_\__, | / / / /
 =========|_|==============|___/=/_/_/_/

 :: Spring Boot ::                (v3.5.3)

2025-07-09T14:55:46.328+02:00  INFO 10408 --- [Meteo] [           main] com.meteo.MeteoApplicationTests          : Starting MeteoApplicationTests using Java 23.0.2 with PID 10408 (started by robert.smau in C:\Users\Robert.Smau\Downloads\example-Java)
2025-07-09T14:55:46.329+02:00  INFO 10408 --- [Meteo] [           main] com.meteo.MeteoApplicationTests          : No active profile set, falling back to 1 default profile: "default"
2025-07-09T14:55:48.145+02:00  INFO 10408 --- [Meteo] [           main] o.s.b.a.w.s.WelcomePageHandlerMapping    : Adding welcome page template: index
2025-07-09T14:55:48.617+02:00  INFO 10408 --- [Meteo] [           main] com.meteo.MeteoApplicationTests          : Started MeteoApplicationTests in 2.787 seconds (process running for 4.507)
]]></system-out>
    <system-err><![CDATA[Mockito is currently self-attaching to enable the inline-mock-maker. This will no longer work in future releases of the JDK. Please add Mockito as an agent to your build as described in Mockito's documentation: https://javadoc.io/doc/org.mockito/mockito-core/latest/org.mockito/org/mockito/Mockito.html#0.3
WARNING: A Java agent has been loaded dynamically (C:\Users\Robert.Smau\.m2\repository\net\bytebuddy\byte-buddy-agent\1.17.6\byte-buddy-agent-1.17.6.jar)
WARNING: If a serviceability tool is in use, please run with -XX:+EnableDynamicAgentLoading to hide this warning
WARNING: If a serviceability tool is not in use, please run with -Djdk.instrument.traceUsage for more information
WARNING: Dynamic loading of agents will be disallowed by default in a future release
]]></system-err>
  </testcase>
</testsuite>